<?xml version="1.0" encoding="UTF-8"?>
<coverage generated="1718769066873" clover="3.2.0">
  <project timestamp="1718769066873" name="All files">
    <metrics statements="21" coveredstatements="14" conditionals="8" coveredconditionals="2" methods="7" coveredmethods="3" elements="36" coveredelements="19" complexity="0" loc="21" ncloc="21" packages="1" files="2" classes="2"/>
    <file name="background.js" path="C:\Users\rober\projects\javascript\Copy_Base_URL\Copy_Base_URL\background.js">
      <metrics statements="21" coveredstatements="14" conditionals="8" coveredconditionals="2" methods="7" coveredmethods="3"/>
      <line num="2" count="1" type="stmt"/>
      <line num="3" count="4" type="stmt"/>
      <line num="5" count="4" type="stmt"/>
      <line num="7" count="4" type="cond" truecount="2" falsecount="0"/>
      <line num="8" count="1" type="stmt"/>
      <line num="10" count="4" type="stmt"/>
      <line num="14" count="1" type="stmt"/>
      <line num="15" count="1" type="stmt"/>
      <line num="17" count="1" type="stmt"/>
      <line num="18" count="1" type="stmt"/>
      <line num="20" count="0" type="stmt"/>
      <line num="25" count="1" type="stmt"/>
      <line num="32" count="1" type="stmt"/>
      <line num="33" count="0" type="cond" truecount="0" falsecount="2"/>
      <line num="34" count="0" type="stmt"/>
      <line num="39" count="1" type="stmt"/>
      <line num="40" count="0" type="cond" truecount="0" falsecount="2"/>
      <line num="42" count="0" type="stmt"/>
      <line num="43" count="0" type="cond" truecount="0" falsecount="2"/>
      <line num="44" count="0" type="stmt"/>
      <line num="50" count="1" type="stmt"/>
    </file>
    <file name="content-script-js.js" path="C:\Users\rober\projects\javascript\Copy_Base_URL\Copy_Base_URL\content-script-js.js">
      <metrics statements="0" coveredstatements="0" conditionals="0" coveredconditionals="0" methods="0" coveredmethods="0"/>
    </file>
  </project>
</coverage>
