<?xml version="1.0" encoding="UTF-8"?>
<coverage generated="1720492485857" clover="3.2.0">
  <project timestamp="1720492485857" name="All files">
    <metrics statements="21" coveredstatements="15" conditionals="8" coveredconditionals="2" methods="6" coveredmethods="3" elements="35" coveredelements="20" complexity="0" loc="21" ncloc="21" packages="1" files="2" classes="2"/>
    <file name="background.js" path="C:\Users\rober\projects\javascript\Copy_Base_URL\Copy_Base_URL\background.js">
      <metrics statements="21" coveredstatements="15" conditionals="8" coveredconditionals="2" methods="6" coveredmethods="3"/>
      <line num="2" count="1" type="stmt"/>
      <line num="3" count="4" type="stmt"/>
      <line num="5" count="4" type="stmt"/>
      <line num="7" count="4" type="cond" truecount="2" falsecount="0"/>
      <line num="8" count="2" type="stmt"/>
      <line num="10" count="4" type="stmt"/>
      <line num="14" count="1" type="stmt"/>
      <line num="15" count="1" type="stmt"/>
      <line num="17" count="1" type="stmt"/>
      <line num="18" count="1" type="stmt"/>
      <line num="23" count="1" type="stmt"/>
      <line num="30" count="1" type="stmt"/>
      <line num="31" count="0" type="cond" truecount="0" falsecount="2"/>
      <line num="32" count="0" type="stmt"/>
      <line num="37" count="1" type="stmt"/>
      <line num="38" count="0" type="cond" truecount="0" falsecount="2"/>
      <line num="40" count="0" type="stmt"/>
      <line num="41" count="0" type="cond" truecount="0" falsecount="2"/>
      <line num="42" count="0" type="stmt"/>
      <line num="50" count="2" type="stmt"/>
      <line num="58" count="1" type="stmt"/>
    </file>
    <file name="content-script-js.js" path="C:\Users\rober\projects\javascript\Copy_Base_URL\Copy_Base_URL\content-script-js.js">
      <metrics statements="0" coveredstatements="0" conditionals="0" coveredconditionals="0" methods="0" coveredmethods="0"/>
    </file>
  </project>
</coverage>
