{"C:\\Users\\rober\\projects\\javascript\\Copy_Base_URL\\Copy_Base_URL\\background.js": {"path":"C:\\Users\\rober\\projects\\javascript\\Copy_Base_URL\\Copy_Base_URL\\background.js","statementMap":{"0":{"start":{"line":2,"column":19},"end":{"line":11,"column":1}},"1":{"start":{"line":3,"column":17},"end":{"line":3,"column":29}},"2":{"start":{"line":5,"column":18},"end":{"line":5,"column":76}},"3":{"start":{"line":7,"column":4},"end":{"line":9,"column":5}},"4":{"start":{"line":8,"column":6},"end":{"line":8,"column":37}},"5":{"start":{"line":10,"column":4},"end":{"line":10,"column":19}},"6":{"start":{"line":14,"column":2},"end":{"line":19,"column":3}},"7":{"start":{"line":15,"column":4},"end":{"line":15,"column":45}},"8":{"start":{"line":17,"column":4},"end":{"line":17,"column":60}},"9":{"start":{"line":18,"column":4},"end":{"line":18,"column":16}},"10":{"start":{"line":23,"column":0},"end":{"line":27,"column":3}},"11":{"start":{"line":30,"column":0},"end":{"line":34,"column":3}},"12":{"start":{"line":31,"column":2},"end":{"line":33,"column":3}},"13":{"start":{"line":32,"column":4},"end":{"line":32,"column":21}},"14":{"start":{"line":37,"column":0},"end":{"line":46,"column":3}},"15":{"start":{"line":38,"column":2},"end":{"line":45,"column":3}},"16":{"start":{"line":40,"column":4},"end":{"line":44,"column":7}},"17":{"start":{"line":41,"column":6},"end":{"line":43,"column":7}},"18":{"start":{"line":42,"column":8},"end":{"line":42,"column":29}},"19":{"start":{"line":50,"column":2},"end":{"line":54,"column":5}},"20":{"start":{"line":58,"column":0},"end":{"line":58,"column":64}}},"fnMap":{"0":{"name":"(anonymous_0)","decl":{"start":{"line":2,"column":19},"end":{"line":2,"column":20}},"loc":{"start":{"line":2,"column":28},"end":{"line":11,"column":1}},"line":2},"1":{"name":"copyBaseURL","decl":{"start":{"line":13,"column":15},"end":{"line":13,"column":26}},"loc":{"start":{"line":13,"column":32},"end":{"line":20,"column":1}},"line":13},"2":{"name":"(anonymous_2)","decl":{"start":{"line":30,"column":43},"end":{"line":30,"column":44}},"loc":{"start":{"line":30,"column":58},"end":{"line":34,"column":1}},"line":30},"3":{"name":"(anonymous_3)","decl":{"start":{"line":37,"column":39},"end":{"line":37,"column":40}},"loc":{"start":{"line":37,"column":52},"end":{"line":46,"column":1}},"line":37},"4":{"name":"(anonymous_4)","decl":{"start":{"line":40,"column":67},"end":{"line":40,"column":68}},"loc":{"start":{"line":40,"column":77},"end":{"line":44,"column":5}},"line":40},"5":{"name":"createContextMenu","decl":{"start":{"line":49,"column":9},"end":{"line":49,"column":26}},"loc":{"start":{"line":49,"column":29},"end":{"line":55,"column":1}},"line":49}},"branchMap":{"0":{"loc":{"start":{"line":7,"column":4},"end":{"line":9,"column":5}},"type":"if","locations":[{"start":{"line":7,"column":4},"end":{"line":9,"column":5}},{"start":{},"end":{}}],"line":7},"1":{"loc":{"start":{"line":31,"column":2},"end":{"line":33,"column":3}},"type":"if","locations":[{"start":{"line":31,"column":2},"end":{"line":33,"column":3}},{"start":{},"end":{}}],"line":31},"2":{"loc":{"start":{"line":38,"column":2},"end":{"line":45,"column":3}},"type":"if","locations":[{"start":{"line":38,"column":2},"end":{"line":45,"column":3}},{"start":{},"end":{}}],"line":38},"3":{"loc":{"start":{"line":41,"column":6},"end":{"line":43,"column":7}},"type":"if","locations":[{"start":{"line":41,"column":6},"end":{"line":43,"column":7}},{"start":{},"end":{}}],"line":41}},"s":{"0":1,"1":4,"2":4,"3":4,"4":2,"5":4,"6":1,"7":1,"8":1,"9":1,"10":1,"11":1,"12":0,"13":0,"14":1,"15":0,"16":0,"17":0,"18":0,"19":2,"20":1},"f":{"0":4,"1":1,"2":0,"3":0,"4":0,"5":2},"b":{"0":[2,2],"1":[0,0],"2":[0,0],"3":[0,0]},"_coverageSchema":"1a1c01bbd47fc00a2c39e90264f33305004495a9","hash":"2b023a4c9027c0d10167be4e770edf181f13bacf"}
,"C:\\Users\\rober\\projects\\javascript\\Copy_Base_URL\\Copy_Base_URL\\content-script-js.js": {"path":"C:\\Users\\rober\\projects\\javascript\\Copy_Base_URL\\Copy_Base_URL\\content-script-js.js","statementMap":{},"fnMap":{},"branchMap":{},"s":{},"f":{},"b":{}}
}
