{"C:\\Users\\rober\\projects\\javascript\\Copy_Base_URL\\Copy_Base_URL\\background.js": {"path":"C:\\Users\\rober\\projects\\javascript\\Copy_Base_URL\\Copy_Base_URL\\background.js","statementMap":{"0":{"start":{"line":3,"column":17},"end":{"line":3,"column":29}},"1":{"start":{"line":5,"column":18},"end":{"line":5,"column":76}},"2":{"start":{"line":7,"column":4},"end":{"line":9,"column":5}},"3":{"start":{"line":8,"column":6},"end":{"line":8,"column":37}},"4":{"start":{"line":10,"column":4},"end":{"line":10,"column":19}},"5":{"start":{"line":15,"column":18},"end":{"line":15,"column":37}},"6":{"start":{"line":17,"column":4},"end":{"line":21,"column":7}},"7":{"start":{"line":18,"column":6},"end":{"line":18,"column":60}},"8":{"start":{"line":20,"column":6},"end":{"line":20,"column":53}},"9":{"start":{"line":25,"column":0},"end":{"line":29,"column":3}},"10":{"start":{"line":32,"column":0},"end":{"line":36,"column":3}},"11":{"start":{"line":33,"column":2},"end":{"line":35,"column":3}},"12":{"start":{"line":34,"column":4},"end":{"line":34,"column":21}},"13":{"start":{"line":39,"column":0},"end":{"line":48,"column":3}},"14":{"start":{"line":40,"column":2},"end":{"line":47,"column":3}},"15":{"start":{"line":42,"column":4},"end":{"line":46,"column":7}},"16":{"start":{"line":43,"column":6},"end":{"line":45,"column":7}},"17":{"start":{"line":44,"column":8},"end":{"line":44,"column":29}}},"fnMap":{"0":{"name":"getBaseURL","decl":{"start":{"line":2,"column":9},"end":{"line":2,"column":19}},"loc":{"start":{"line":2,"column":25},"end":{"line":11,"column":1}},"line":2},"1":{"name":"copyBaseURL","decl":{"start":{"line":14,"column":9},"end":{"line":14,"column":20}},"loc":{"start":{"line":14,"column":26},"end":{"line":22,"column":1}},"line":14},"2":{"name":"(anonymous_2)","decl":{"start":{"line":17,"column":48},"end":{"line":17,"column":49}},"loc":{"start":{"line":17,"column":54},"end":{"line":19,"column":5}},"line":17},"3":{"name":"(anonymous_3)","decl":{"start":{"line":19,"column":13},"end":{"line":19,"column":14}},"loc":{"start":{"line":19,"column":20},"end":{"line":21,"column":5}},"line":19},"4":{"name":"(anonymous_4)","decl":{"start":{"line":32,"column":43},"end":{"line":32,"column":44}},"loc":{"start":{"line":32,"column":58},"end":{"line":36,"column":1}},"line":32},"5":{"name":"(anonymous_5)","decl":{"start":{"line":39,"column":39},"end":{"line":39,"column":40}},"loc":{"start":{"line":39,"column":52},"end":{"line":48,"column":1}},"line":39},"6":{"name":"(anonymous_6)","decl":{"start":{"line":42,"column":67},"end":{"line":42,"column":68}},"loc":{"start":{"line":42,"column":77},"end":{"line":46,"column":5}},"line":42}},"branchMap":{"0":{"loc":{"start":{"line":7,"column":4},"end":{"line":9,"column":5}},"type":"if","locations":[{"start":{"line":7,"column":4},"end":{"line":9,"column":5}},{"start":{},"end":{}}],"line":7},"1":{"loc":{"start":{"line":33,"column":2},"end":{"line":35,"column":3}},"type":"if","locations":[{"start":{"line":33,"column":2},"end":{"line":35,"column":3}},{"start":{},"end":{}}],"line":33},"2":{"loc":{"start":{"line":40,"column":2},"end":{"line":47,"column":3}},"type":"if","locations":[{"start":{"line":40,"column":2},"end":{"line":47,"column":3}},{"start":{},"end":{}}],"line":40},"3":{"loc":{"start":{"line":43,"column":6},"end":{"line":45,"column":7}},"type":"if","locations":[{"start":{"line":43,"column":6},"end":{"line":45,"column":7}},{"start":{},"end":{}}],"line":43}},"s":{"0":0,"1":0,"2":0,"3":0,"4":0,"5":0,"6":0,"7":0,"8":0,"9":1,"10":1,"11":0,"12":0,"13":1,"14":0,"15":0,"16":0,"17":0},"f":{"0":0,"1":0,"2":0,"3":0,"4":0,"5":0,"6":0},"b":{"0":[0,0],"1":[0,0],"2":[0,0],"3":[0,0]},"_coverageSchema":"1a1c01bbd47fc00a2c39e90264f33305004495a9","hash":"350ef6ae1d7b2a732ddb8f43d5bce4c44b4e6525"}
,"C:\\Users\\rober\\projects\\javascript\\Copy_Base_URL\\Copy_Base_URL\\content-script-js.js": {"path":"C:\\Users\\rober\\projects\\javascript\\Copy_Base_URL\\Copy_Base_URL\\content-script-js.js","statementMap":{},"fnMap":{},"branchMap":{},"s":{},"f":{},"b":{}}
}
