TN:
SF:background.js
FN:2,(anonymous_0)
FN:14,(anonymous_1)
FN:17,(anonymous_2)
FN:19,(anonymous_3)
FN:32,(anonymous_4)
FN:39,(anonymous_5)
FN:42,(anonymous_6)
FNF:7
FNH:1
FNDA:4,(anonymous_0)
FNDA:0,(anonymous_1)
FNDA:0,(anonymous_2)
FNDA:0,(anonymous_3)
FNDA:0,(anonymous_4)
FNDA:0,(anonymous_5)
FNDA:0,(anonymous_6)
DA:2,1
DA:3,4
DA:5,4
DA:7,4
DA:8,2
DA:10,4
DA:14,1
DA:15,0
DA:17,0
DA:18,0
DA:20,0
DA:25,1
DA:32,1
DA:33,0
DA:34,0
DA:39,1
DA:40,0
DA:42,0
DA:43,0
DA:44,0
DA:50,1
LF:21
LH:11
BRDA:7,0,0,2
BRDA:7,0,1,2
BRDA:33,1,0,0
BRDA:33,1,1,0
BRDA:40,2,0,0
BRDA:40,2,1,0
BRDA:43,3,0,0
BRDA:43,3,1,0
BRF:8
BRH:2
end_of_record
TN:
SF:content-script-js.js
FNF:0
FNH:0
LF:0
LH:0
BRF:0
BRH:0
end_of_record
